11:32:37    16 -->                                                             [tcl] ucliGUI::connect -toolargs -ucligui -toolexe ./simv -pid 32283 -toolin /tmp/vcs_20220207023233_32282_thkim..stdin -toolout /tmp/vcs_20220207023233_32282_thkim..stdout  
11:32:37    17 -->                                                                 [tcl] set ucliGUI::state
11:32:37    18 -->                                                                     [tcl] gui_update_simulator_buttons
11:32:38    19 -->                                                                         [tcl] set ucliGUI::state
11:32:38    20 -->                                                                             [tcl] ucliCore::getToolPID
11:32:38    21 -->                                                                                 [tcl] synopsys::env hasTB
11:32:38    22 -->                                                                                     [tcl] trigger_hier_stack_context_switch 0
11:32:38    23 -->                                                                                         [tcl] synUtils::setDVEInitPhase 1
11:32:38    24 -->                                                                                             [tcl] gui_get_env SIMSETUP::SIMVPD
11:32:38    25 --> ...  [tcl] synopsys::dump -type VPD -file /home/titan/thkim/work/booth2_mult_signed_8x8/vcs_verification/rtl/work/inter.vpd -locking
11:32:38    26 --> ...      [tcl] synopsys::dump -autoflush on -fid VPD0
11:32:38    27 --> ...          [tcl] set ::dve_fid VPD0
11:32:38    28 --> ...              [tcl] synUtils::setDVEInitPhase 0
11:32:38    29 --> ...                  [tcl] ucliCore::getToolPID
11:32:38    30 --> ...                      [tcl] synUtils::sendTool -active _icl_setToolSocket /tmp/smlnpGJj5BK
11:32:38    31 --> ...                          [tcl] synUtils::sendTool -active {_icl_start_rpc -version "K-2015.09-SP1_Full64" -sync_file /tmp/vcs_dve_rpc.thkim.32283}
11:32:39    32 --> ...                              [tcl] synUtils::sendTool -active {_icl_createSharedMemory /tmp/vcs_dve_general.thkim.32283}
11:32:39    33 --> ...                                  [tcl] dveMisc::vbusExpand booth2_signed_tb
11:32:39    34 --> ...                                      [tcl] config endofsim noexit
11:32:39    35 --> ...                                          [tcl] config onfail enable all
11:32:39    36 --> ...                                              [tcl] config syscaddplainmembers
11:32:39    37 --> ...                                                  [tcl] config syscaddsourcenames
11:32:39    38 --> ...                                                      [tcl] config syscaddstructtypes
11:32:39    39 --> ...                                                          [tcl] synopsys::listing -disable
11:32:47    40 --> ...                                                              [tcl] synopsys::dump -add {booth2_signed_tb.clk booth2_signed_tb.final_result booth2_signed_tb.multiplier booth2_signed_tb.rst booth2_signed_tb.x } -aggregates  -fid VPD0
11:32:53    41 --> ...                                                                  [tcl] ucliGUI::getSignalValues -scope booth2_signed_tb -radix {hexadecimal } -list {{final_result[15:0]} }
11:32:53    42 --> ...                                                                      [tcl] ucliGUI::getSignalValues -scope booth2_signed_tb -radix {binary } -list {rst }
11:32:53    43 --> ...                                                                          [tcl] ucliGUI::getSignalValues -scope booth2_signed_tb -radix {binary } -list {clk }
11:32:53    44 --> ...                                                                              [tcl] ucliGUI::getSignalValues -scope booth2_signed_tb -radix {hexadecimal } -list {{x[7:0]} }
11:32:53    45 --> ...                                                                                  [tcl] ucliGUI::getSignalValues -scope booth2_signed_tb -radix {hexadecimal } -list {{multiplier[7:0]} }
11:32:58    46 --> ...                                                                                      [tcl] ucliGUI::getSignalValues -scope booth2_signed_tb -radix {decimal } -list {{final_result[15:0]} }
11:32:59    47 --> ...                                                                                          [tcl] ucliGUI::getSignalValues -scope booth2_signed_tb -radix {decimal } -list {{x[7:0]} }
11:32:59    48 --> ...                                                                                              [tcl] ucliGUI::getSignalValues -scope booth2_signed_tb -radix {decimal } -list {{multiplier[7:0]} }
11:33:06    49 --> ...                                                                                                  [tcl] synopsys::run -relative 500000.000000ps
11:33:06    50 --> ...  [tcl] set ucliGUI::state
11:33:06    51 --> ...      [tcl] set ucliGUI::state
11:33:06    52 --> ...          [tcl] set ucliGUI::state
11:33:06    53 --> ...              [tcl] set ucliGUI::state
11:33:06    54 --> ...                  [tcl] set ucliGUI::state
11:33:06    55 --> ...                      [tcl] catch {senv activeDomain} dveMisc::result 
11:33:06    56 --> ...                          [tcl] set dveMisc::result
11:33:06    57 --> ...                              [tcl] gui_update_simulator_buttons
11:33:17    58 --> ...                                  [tcl] if [catch {gui_sim_terminate}] {gui_sim_terminate -kill}
11:33:17    59 --> ...                                      [tcl] synopsys::finish
11:33:17    60 --> ...                                          [tcl] set ucliGUI::state
11:33:17    61 --> ...                                              [tcl] set ucliGUI::state
11:33:17    62 --> ...                                                  [tcl] catch {senv activeDomain} dveMisc::result 
11:33:17    63 --> ...                                                      [tcl] set dveMisc::result
11:33:17    64 --> ...                                                          [tcl] gui_update_simulator_buttons
11:33:17    65 --> ...                                                              [tcl] catch {senv activeDomain} dveMisc::result 
11:33:17    66 --> ...                                                                  [tcl] set dveMisc::result
11:33:17    67 --> ...                                                                      [tcl] ucli_exit
