# Preference setting overrides
gui_create_pref_key -category {Globals} -key {load_detail_for_funcov} -value_type {bool} -value {false}
gui_create_pref_category -category {schem_obj_name}
gui_create_pref_key -category {schem_obj_name} -key {show_cell_and_pin_with_symbol_name} -value_type {bool} -value {false}
gui_create_pref_key -category {schem_pin_hc} -key {textExtFont} -value_type {string} -value {Helvetica,10,-1,5,50,0,0,0,0,0}

# State setting overrides
gui_state_default_create -off -ini
gui_set_state_value -category Layout -key child_console_size_x -value 1852
gui_set_state_value -category Layout -key child_console_size_y -value 159
gui_set_state_value -category Layout -key child_data_coltype -value 168
gui_set_state_value -category Layout -key child_data_colvalue -value 171
gui_set_state_value -category Layout -key child_data_colvariable -value 234
gui_set_state_value -category Layout -key child_data_size_x -value 569
gui_set_state_value -category Layout -key child_data_size_y -value 678
gui_set_state_value -category Layout -key child_hier_col3 -value {-1}
gui_set_state_value -category Layout -key child_hier_colhier -value 227
gui_set_state_value -category Layout -key child_hier_colpd -value 0
gui_set_state_value -category Layout -key child_hier_coltype -value 107
gui_set_state_value -category Layout -key child_hier_size_x -value 337
gui_set_state_value -category Layout -key child_hier_size_y -value 678
gui_set_state_value -category Layout -key child_schematic_docknewline -value false
gui_set_state_value -category Layout -key child_schematic_pos_x -value {-2}
gui_set_state_value -category Layout -key child_schematic_pos_y -value {-15}
gui_set_state_value -category Layout -key child_schematic_size_x -value 1118
gui_set_state_value -category Layout -key child_schematic_size_y -value 666
gui_set_state_value -category Layout -key child_source_docknewline -value false
gui_set_state_value -category Layout -key child_source_pos_x -value {-2}
gui_set_state_value -category Layout -key child_source_pos_y -value {-15}
gui_set_state_value -category Layout -key child_source_size_x -value 949
gui_set_state_value -category Layout -key child_source_size_y -value 673
gui_set_state_value -category Layout -key child_wave_colname -value 266
gui_set_state_value -category Layout -key child_wave_colvalue -value 266
gui_set_state_value -category Layout -key child_wave_left -value 537
gui_set_state_value -category Layout -key child_wave_right -value 1310
gui_set_state_value -category Layout -key main_pos_x -value 0
gui_set_state_value -category Layout -key main_pos_y -value 28
gui_set_state_value -category Layout -key main_size_x -value 1852
gui_set_state_value -category Layout -key main_size_y -value 972
gui_set_state_value -category Layout -key stand_wave_child_docknewline -value false
gui_set_state_value -category Layout -key stand_wave_child_pos_x -value {-2}
gui_set_state_value -category Layout -key stand_wave_child_pos_y -value {-15}
gui_set_state_value -category Layout -key stand_wave_child_size_x -value 1857
gui_set_state_value -category Layout -key stand_wave_child_size_y -value 832
gui_set_state_value -category Layout -key stand_wave_top_pos_x -value 0
gui_set_state_value -category Layout -key stand_wave_top_pos_y -value 28
gui_set_state_value -category Layout -key stand_wave_top_size_x -value 1852
gui_set_state_value -category Layout -key stand_wave_top_size_y -value 972
gui_create_state_key -category FindDialog -key m_pMatchCase -value_type bool -value false
gui_create_state_key -category FindDialog -key m_pMatchWord -value_type bool -value false
gui_create_state_key -category FindDialog -key m_pUseCombo -value_type string -value {}
gui_create_state_key -category FindDialog -key m_pWrapAround -value_type bool -value true
gui_create_state_key -category Widget_History -key {dlgSimSetup|m_setupTab|tab pages|SimTab|m_VPDCombo} -value_type string -value inter.vpd
gui_create_state_key -category Widget_History -key {dlgSimSetup|m_setupTab|tab pages|SimTab|m_argsCombo} -value_type string -value {{-ucligui }}
gui_create_state_key -category Widget_History -key {dlgSimSetup|m_setupTab|tab pages|SimTab|m_curDirCombo} -value_type string -value {/home/titan/thkim/work/booth3_mult_signed_8x8/vcs_verification/work /home/titan/thkim/work/booth_mult_signed_4x4/work}
gui_create_state_key -category Widget_History -key {dlgSimSetup|m_setupTab|tab pages|SimTab|m_exeCombo} -value_type string -value {./simv /home/titan/thkim/work/booth_mult_signed_4x4/work/simv}
gui_state_default_create -off

# Begin command logging
gui_sim_run Ucli -exe ./simv -args {-ucligui  } -dir .
gui_use_schematics 
gui_sch_show -name booth2_signed_tb
gui_zoom -window Schematic.1 -rect { {-8391 -4087} {18390 14115} }
gui_zoom -window Schematic.1 -rect { {-1481 -18958} {32513 4145} }
gui_zoom -window Schematic.1 -rect { {-1481 -18958} {32513 4145} }
gui_zoom -window Schematic.1 -rect { {-1481 -18958} {32513 4145} }
gui_schematic_select -id Schematic.1 -type {cell} -parent {booth2_signed_tb} {booth2_signed_tb.booth0}
gui_sch_viewport_backup -id Schematic.1 -type save
gui_sch_show -window Schematic.1 -name booth2_signed_tb.booth0
gui_zoom -window Schematic.1 -rect { {-4996 -762157} {1331495 146138} }
gui_zoom -window Schematic.1 -rect { {-4996 -762157} {1331495 146138} }
gui_sch_viewport_backup -id Schematic.1 -type restore -action in -pins {} -slct_targets global
gui_schematic_clear_selection -id Schematic.1
gui_zoom -window Schematic.1 -full
gui_zoom -window Schematic.1 -rect { {-4996 -762157} {1331495 146138} }
gui_close_window -window DLPane.1
gui_zoom -window Schematic.1 -full
gui_zoom -window Schematic.1 -rect { {-85729 -622427} {1411294 8004} }
gui_schematic_select -id Schematic.1 -type {net} -parent {booth2_signed_tb.booth0} {booth2_signed_tb.booth0.n435}
gui_zoom -window Schematic.1 -rect { {-50229 -576539} {1375508 23872} }
gui_zoom -window Schematic.1 -rect { {-47456 -520656} {1248668 25171} }
gui_zoom -window Schematic.1 -rect { {-72458 -481627} {1161946 38208} }
gui_zoom -window Schematic.1 -rect { {-96544 -444182} {1079079 50900} }
gui_zoom -window Schematic.1 -rect { {-119670 -409118} {999970 62388} }
gui_zoom -window Schematic.1 -rect { {-131823 -408441} {934501 40613} }
gui_zoom -window Schematic.1 -rect { {-143228 -407626} {872319 20044} }
gui_zoom -window Schematic.1 -rect { {-153895 -406721} {813293 584} }
gui_zoom -window Schematic.1 -rect { {-164455 -405151} {756676 -17242} }
gui_zoom -window Schematic.1 -rect { {-174248 -404213} {703020 -34775} }
gui_zoom -window Schematic.1 -rect { {-183854 -403291} {651639 -51446} }
gui_zoom -window Schematic.1 -rect { {-192683 -402414} {603025 -67323} }
gui_zoom -window Schematic.1 -rect { {-183540 -385900} {574277 -66766} }
gui_zoom -window Schematic.1 -rect { {-158626 -362920} {530298 -72798} }
gui_zoom -window Schematic.1 -rect { {-150666 -348820} {505453 -72513} }
gui_zoom -window Schematic.1 -rect { {-143106 -335391} {481769 -72242} }
gui_zoom -window Schematic.1 -rect { {-135925 -322263} {459194 -71645} }
gui_zoom -window Schematic.1 -rect { {-132516 -320123} {434265 -81439} }
gui_zoom -window Schematic.1 -rect { {-105764 -308427} {387088 -100876} }
gui_zoom -window Schematic.1 -rect { {-92317 -302258} {355730 -113575} }
gui_zoom -window Schematic.1 -rect { {-89664 -300817} {337048 -121119} }
gui_zoom -window Schematic.1 -rect { {-82167 -293170} {324226 -122029} }
gui_zoom -window Schematic.1 -rect { {-66362 -282082} {303086 -126499} }
gui_zoom -window Schematic.1 -rect { {-51858 -271889} {284003 -130450} }
gui_zoom -window Schematic.1 -rect { {-38633 -262664} {266696 -134083} }
gui_zoom -window Schematic.1 -rect { {-33132 -257105} {257657 -134647} }
gui_zoom -window Schematic.1 -rect { {-15883 -246727} {236977 -140242} }
gui_zoom -window Schematic.1 -rect { {-11295 -242099} {229524 -140684} }
gui_zoom -window Schematic.1 -rect { {-1842 -235426} {217085 -143231} }
gui_schematic_select -id Schematic.1 -type {cell} -parent {booth2_signed_tb.booth0} {booth2_signed_tb.booth0.U36}
gui_zoom -window Schematic.1 -rect { {-3598 -232387} {204904 -144582} }
gui_zoom -window Schematic.1 -rect { {3328 -225788} {184634 -149436} }
gui_zoom -window Schematic.1 -rect { {1868 -223295} {174540 -150579} }
gui_schematic_select -id Schematic.1 -type {cell} -parent {booth2_signed_tb.booth0} {booth2_signed_tb.booth0.U36}
gui_schematic_select -id Schematic.1 -type {cell} -parent {booth2_signed_tb.booth0} {booth2_signed_tb.booth0.U36}
gui_open_source -active booth2_signed_tb.booth0.U36 -activate
gui_close_window -window Source.1
